<?xml version="1.0" encoding="UTF-8"?>
<!-- Generated by org.testng.reporters.JUnitXMLReporter -->
<testsuite ignored="0" hostname="LAPTOP-0H6R0MD8" failures="0" tests="3" name="Default test" time="2.727" errors="0" timestamp="2025-01-15T00:10:29 IST">
  <testcase classname="cuck.DemoAPI.DynamicJson2" name="addBook" time="2.383"/>
  <testcase classname="cuck.DemoAPI.DynamicJson2" name="addBook" time="0.142"/>
  <testcase classname="cuck.DemoAPI.DynamicJson2" name="addBook" time="0.142"/>
</testsuite> <!-- Default test -->
