<?xml version="1.0" encoding="UTF-8"?>
<testng-results ignored="0" total="3" passed="3" failed="0" skipped="0">
  <reporter-output>
  </reporter-output>
  <suite started-at="2025-01-15T00:10:26 IST" name="Default suite" finished-at="2025-01-15T00:10:29 IST" duration-ms="2727">
    <groups>
    </groups>
    <test started-at="2025-01-15T00:10:26 IST" name="Default test" finished-at="2025-01-15T00:10:29 IST" duration-ms="2727">
      <class name="cuck.DemoAPI.DynamicJson2">
        <test-method signature="addBook(java.lang.String,java.lang.String)[pri:0, instance:cuck.DemoAPI.DynamicJson2@3f6f6701]" started-at="2025-01-15T00:10:26 IST" name="addBook" data-provider="BooksData" finished-at="2025-01-15T00:10:28 IST" duration-ms="2383" status="PASS">
          <params>
            <param index="0">
              <value>
                <![CDATA[asdf]]>
              </value>
            </param>
            <param index="1">
              <value>
                <![CDATA[1001]]>
              </value>
            </param>
          </params>
          <reporter-output>
          </reporter-output>
        </test-method> <!-- addBook -->
        <test-method signature="addBook(java.lang.String,java.lang.String)[pri:0, instance:cuck.DemoAPI.DynamicJson2@3f6f6701]" started-at="2025-01-15T00:10:28 IST" name="addBook" data-provider="BooksData" finished-at="2025-01-15T00:10:29 IST" duration-ms="142" status="PASS">
          <params>
            <param index="0">
              <value>
                <![CDATA[fghj]]>
              </value>
            </param>
            <param index="1">
              <value>
                <![CDATA[1002]]>
              </value>
            </param>
          </params>
          <reporter-output>
          </reporter-output>
        </test-method> <!-- addBook -->
        <test-method signature="addBook(java.lang.String,java.lang.String)[pri:0, instance:cuck.DemoAPI.DynamicJson2@3f6f6701]" started-at="2025-01-15T00:10:29 IST" name="addBook" data-provider="BooksData" finished-at="2025-01-15T00:10:29 IST" duration-ms="142" status="PASS">
          <params>
            <param index="0">
              <value>
                <![CDATA[ghjk]]>
              </value>
            </param>
            <param index="1">
              <value>
                <![CDATA[1003]]>
              </value>
            </param>
          </params>
          <reporter-output>
          </reporter-output>
        </test-method> <!-- addBook -->
      </class> <!-- cuck.DemoAPI.DynamicJson2 -->
    </test> <!-- Default test -->
  </suite> <!-- Default suite -->
</testng-results>
